# JRE version: OpenJDK Runtime Environment (8.0_242-b01) (build 1.8.0_242-release-1644-b01)
# Java VM: OpenJDK 64-Bit Server VM (25.242-b01 mixed mode windows-amd64 compressed oops)
Heap:
 PSYoungGen      total 424448K, used 91325K [0x00000000d5580000, 0x00000000f8380000, 0x0000000100000000)
  eden space 371712K, 10% used [0x00000000d5580000,0x00000000d7b2f968,0x00000000ec080000)
  from space 52736K, 99% used [0x00000000ec080000,0x00000000ef3ffd28,0x00000000ef400000)
  to   space 63488K, 0% used [0x00000000f4580000,0x00000000f4580000,0x00000000f8380000)
 ParOldGen       total 263168K, used 95407K [0x0000000080000000, 0x0000000090100000, 0x00000000d5580000)
  object space 263168K, 36% used [0x0000000080000000,0x0000000085d2bc48,0x0000000090100000)
 Metaspace       used 78665K, capacity 85510K, committed 85760K, reserved 1122304K
  class space    used 10654K, capacity 12185K, committed 12288K, reserved 1048576K
GC Heap History (10 events):
Event: 5.512 GC heap before
{Heap before GC invocations=12 (full 3):
 PSYoungGen      total 290816K, used 17235K [0x00000000d5580000, 0x00000000ed480000, 0x0000000100000000)
  eden space 267776K, 0% used [0x00000000d5580000,0x00000000d5580000,0x00000000e5b00000)
  from space 23040K, 74% used [0x00000000e5b00000,0x00000000e6bd4eb8,0x00000000e7180000)
  to   space 23552K, 0% used [0x00000000ebd80000,0x00000000ebd80000,0x00000000ed480000)
 ParOldGen       total 167936K, used 30685K [0x0000000080000000, 0x000000008a400000, 0x00000000d5580000)
  object space 167936K, 18% used [0x0000000080000000,0x0000000081df7440,0x000000008a400000)
 Metaspace       used 56456K, capacity 59044K, committed 59096K, reserved 1099776K
  class space    used 7714K, capacity 8298K, committed 8320K, reserved 1048576K
Event: 5.743 GC heap after
Heap after GC invocations=12 (full 3):
 PSYoungGen      total 290816K, used 0K [0x00000000d5580000, 0x00000000ed480000, 0x0000000100000000)
  eden space 267776K, 0% used [0x00000000d5580000,0x00000000d5580000,0x00000000e5b00000)
  from space 23040K, 0% used [0x00000000e5b00000,0x00000000e5b00000,0x00000000e7180000)
  to   space 23552K, 0% used [0x00000000ebd80000,0x00000000ebd80000,0x00000000ed480000)
 ParOldGen       total 263168K, used 45984K [0x0000000080000000, 0x0000000090100000, 0x00000000d5580000)
  object space 263168K, 17% used [0x0000000080000000,0x0000000082ce8230,0x0000000090100000)
 Metaspace       used 56410K, capacity 58888K, committed 59096K, reserved 1099776K
  class space    used 7700K, capacity 8272K, committed 8320K, reserved 1048576K
}
Event: 8.286 GC heap before
{Heap before GC invocations=13 (full 3):
 PSYoungGen      total 290816K, used 267776K [0x00000000d5580000, 0x00000000ed480000, 0x0000000100000000)
  eden space 267776K, 100% used [0x00000000d5580000,0x00000000e5b00000,0x00000000e5b00000)
  from space 23040K, 0% used [0x00000000e5b00000,0x00000000e5b00000,0x00000000e7180000)
  to   space 23552K, 0% used [0x00000000ebd80000,0x00000000ebd80000,0x00000000ed480000)
 ParOldGen       total 263168K, used 45984K [0x0000000080000000, 0x0000000090100000, 0x00000000d5580000)
  object space 263168K, 17% used [0x0000000080000000,0x0000000082ce8230,0x0000000090100000)
 Metaspace       used 66864K, capacity 71058K, committed 71168K, reserved 1110016K
  class space    used 9151K, capacity 10239K, committed 10240K, reserved 1048576K
Event: 8.313 GC heap after
Heap after GC invocations=13 (full 3):
 PSYoungGen      total 340992K, used 23544K [0x00000000d5580000, 0x00000000ed480000, 0x0000000100000000)
  eden space 317440K, 0% used [0x00000000d5580000,0x00000000d5580000,0x00000000e8b80000)
  from space 23552K, 99% used [0x00000000ebd80000,0x00000000ed47e040,0x00000000ed480000)
  to   space 30208K, 0% used [0x00000000e9980000,0x00000000e9980000,0x00000000eb700000)
 ParOldGen       total 263168K, used 55301K [0x0000000080000000, 0x0000000090100000, 0x00000000d5580000)
  object space 263168K, 21% used [0x0000000080000000,0x0000000083601670,0x0000000090100000)
 Metaspace       used 66864K, capacity 71058K, committed 71168K, reserved 1110016K
  class space    used 9151K, capacity 10239K, committed 10240K, reserved 1048576K
}
Event: 10.720 GC heap before
{Heap before GC invocations=14 (full 3):
 PSYoungGen      total 340992K, used 340984K [0x00000000d5580000, 0x00000000ed480000, 0x0000000100000000)
  eden space 317440K, 100% used [0x00000000d5580000,0x00000000e8b80000,0x00000000e8b80000)
  from space 23552K, 99% used [0x00000000ebd80000,0x00000000ed47e040,0x00000000ed480000)
  to   space 30208K, 0% used [0x00000000e9980000,0x00000000e9980000,0x00000000eb700000)
 ParOldGen       total 263168K, used 55301K [0x0000000080000000, 0x0000000090100000, 0x00000000d5580000)
  object space 263168K, 21% used [0x0000000080000000,0x0000000083601670,0x0000000090100000)
 Metaspace       used 71832K, capacity 78210K, committed 78464K, reserved 1116160K
  class space    used 9877K, capacity 11343K, committed 11392K, reserved 1048576K
Event: 10.779 GC heap after
Heap after GC invocations=14 (full 3):
 PSYoungGen      total 361984K, used 30176K [0x00000000d5580000, 0x00000000f2180000, 0x0000000100000000)
  eden space 331776K, 0% used [0x00000000d5580000,0x00000000d5580000,0x00000000e9980000)
  from space 30208K, 99% used [0x00000000e9980000,0x00000000eb6f8010,0x00000000eb700000)
  to   space 46592K, 0% used [0x00000000ef400000,0x00000000ef400000,0x00000000f2180000)
 ParOldGen       total 263168K, used 88133K [0x0000000080000000, 0x0000000090100000, 0x00000000d5580000)
  object space 263168K, 33% used [0x0000000080000000,0x0000000085611560,0x0000000090100000)
 Metaspace       used 71832K, capacity 78210K, committed 78464K, reserved 1116160K
  class space    used 9877K, capacity 11343K, committed 11392K, reserved 1048576K
}
Event: 12.951 GC heap before
{Heap before GC invocations=15 (full 3):
 PSYoungGen      total 361984K, used 361952K [0x00000000d5580000, 0x00000000f2180000, 0x0000000100000000)
  eden space 331776K, 100% used [0x00000000d5580000,0x00000000e9980000,0x00000000e9980000)
  from space 30208K, 99% used [0x00000000e9980000,0x00000000eb6f8010,0x00000000eb700000)
  to   space 46592K, 0% used [0x00000000ef400000,0x00000000ef400000,0x00000000f2180000)
 ParOldGen       total 263168K, used 88133K [0x0000000080000000, 0x0000000090100000, 0x00000000d5580000)
  object space 263168K, 33% used [0x0000000080000000,0x0000000085611560,0x0000000090100000)
 Metaspace       used 74393K, capacity 80976K, committed 81024K, reserved 1118208K
  class space    used 10157K, capacity 11634K, committed 11648K, reserved 1048576K
Event: 12.997 GC heap after
Heap after GC invocations=15 (full 3):
 PSYoungGen      total 418304K, used 43429K [0x00000000d5580000, 0x00000000f3e00000, 0x0000000100000000)
  eden space 371712K, 0% used [0x00000000d5580000,0x00000000d5580000,0x00000000ec080000)
  from space 46592K, 93% used [0x00000000ef400000,0x00000000f1e696f0,0x00000000f2180000)
  to   space 52736K, 0% used [0x00000000ec080000,0x00000000ec080000,0x00000000ef400000)
 ParOldGen       total 263168K, used 88141K [0x0000000080000000, 0x0000000090100000, 0x00000000d5580000)
  object space 263168K, 33% used [0x0000000080000000,0x0000000085613560,0x0000000090100000)
 Metaspace       used 74393K, capacity 80976K, committed 81024K, reserved 1118208K
  class space    used 10157K, capacity 11634K, committed 11648K, reserved 1048576K
}
Event: 15.456 GC heap before
{Heap before GC invocations=16 (full 3):
 PSYoungGen      total 418304K, used 415141K [0x00000000d5580000, 0x00000000f3e00000, 0x0000000100000000)
  eden space 371712K, 100% used [0x00000000d5580000,0x00000000ec080000,0x00000000ec080000)
  from space 46592K, 93% used [0x00000000ef400000,0x00000000f1e696f0,0x00000000f2180000)
  to   space 52736K, 0% used [0x00000000ec080000,0x00000000ec080000,0x00000000ef400000)
 ParOldGen       total 263168K, used 88141K [0x0000000080000000, 0x0000000090100000, 0x00000000d5580000)
  object space 263168K, 33% used [0x0000000080000000,0x0000000085613560,0x0000000090100000)
 Metaspace       used 78620K, capacity 85434K, committed 85760K, reserved 1122304K
  class space    used 10653K, capacity 12183K, committed 12288K, reserved 1048576K
Event: 15.518 GC heap after
Heap after GC invocations=16 (full 3):
 PSYoungGen      total 424448K, used 52735K [0x00000000d5580000, 0x00000000f8380000, 0x0000000100000000)
  eden space 371712K, 0% used [0x00000000d5580000,0x00000000d5580000,0x00000000ec080000)
  from space 52736K, 99% used [0x00000000ec080000,0x00000000ef3ffd28,0x00000000ef400000)
  to   space 63488K, 0% used [0x00000000f4580000,0x00000000f4580000,0x00000000f8380000)
 ParOldGen       total 263168K, used 95407K [0x0000000080000000, 0x0000000090100000, 0x00000000d5580000)
  object space 263168K, 36% used [0x0000000080000000,0x0000000085d2bc48,0x0000000090100000)
 Metaspace       used 78620K, capacity 85434K, committed 85760K, reserved 1122304K
  class space    used 10653K, capacity 12183K, committed 12288K, reserved 1048576K
}

